<?xml version="1.0" encoding="UTF-8"?>
<!-- Generated by org.testng.reporters.JUnitXMLReporter -->
<testsuite ignored="0" hostname="DESKTOP-11UCV8M" failures="1" tests="4" name="Regression Test" time="14.25" errors="0" timestamp="2025-07-19T15:39:01 IST">
  <testcase classname="tests.LoginTest" name="testLoginWithValidCredentials" time="0.559"/>
  <testcase classname="tests.LoginTest" name="testLoginWithLockedCredentials" time="0.006">
    <skipped/>
  </testcase> <!-- testLoginWithLockedCredentials -->
  <testcase classname="tests.LoginTest" name="testLoginWithInvalidCredentials" time="0.014">
    <failure type="java.lang.AssertionError" message="This test is Intentionally failed for ITestListener test.">
      <![CDATA[java.lang.AssertionError: This test is Intentionally failed for ITestListener test.
at tests.LoginTest.testLoginWithInvalidCredentials(LoginTest.java:32)
at java.base/java.util.ArrayList.forEach(ArrayList.java:1596)
... Removed 26 stack frames]]>
    </failure>
  </testcase> <!-- testLoginWithInvalidCredentials -->
  <testcase classname="tests.LogoutTest" name="testLogout" time="1.364"/>
</testsuite> <!-- Regression Test -->
