<?xml version="1.0" encoding="UTF-8"?>
<testng-results ignored="0" total="4" passed="2" failed="1" skipped="1">
  <reporter-output>
  </reporter-output>
  <suite started-at="2025-07-22T22:49:00 IST" name="Automation Suite (ExtentReports for Reporting with ITestListeners)" finished-at="2025-07-22T22:49:13 IST" duration-ms="13398">
    <groups>
      <group name="Regression">
        <method signature="LoginTest.testLoginWithLockedCredentials()[pri:2, instance:tests.LoginTest@132e0cc]" name="testLoginWithLockedCredentials" class="tests.LoginTest"/>
        <method signature="LoginTest.testLoginWithInvalidCredentials()[pri:3, instance:tests.LoginTest@132e0cc]" name="testLoginWithInvalidCredentials" class="tests.LoginTest"/>
      </group> <!-- Regression -->
      <group name="Sanity, Regression">
        <method signature="LoginTest.testLoginWithValidCredentials()[pri:1, instance:tests.LoginTest@132e0cc]" name="testLoginWithValidCredentials" class="tests.LoginTest"/>
        <method signature="LogoutTest.testLogout()[pri:1, instance:tests.LogoutTest@7b420819]" name="testLogout" class="tests.LogoutTest"/>
      </group> <!-- Sanity, Regression -->
    </groups>
    <test started-at="2025-07-22T22:49:00 IST" name="Functional Test" finished-at="2025-07-22T22:49:13 IST" duration-ms="13398">
      <class name="tests.LoginTest">
        <test-method is-config="true" signature="setup()[pri:0, instance:tests.LoginTest@132e0cc]" started-at="2025-07-22T22:49:00 IST" name="setup" finished-at="2025-07-22T22:49:04 IST" duration-ms="3564" status="PASS">
          <reporter-output>
          </reporter-output>
        </test-method> <!-- setup -->
        <test-method signature="testLoginWithValidCredentials()[pri:1, instance:tests.LoginTest@132e0cc]" started-at="2025-07-22T22:49:04 IST" name="testLoginWithValidCredentials" description="Test to verify login with valid credentials." finished-at="2025-07-22T22:49:05 IST" duration-ms="667" status="PASS">
          <reporter-output>
          </reporter-output>
        </test-method> <!-- testLoginWithValidCredentials -->
        <test-method is-config="true" signature="tearDown()[pri:0, instance:tests.LoginTest@132e0cc]" started-at="2025-07-22T22:49:05 IST" name="tearDown" finished-at="2025-07-22T22:49:05 IST" duration-ms="342" status="PASS">
          <reporter-output>
          </reporter-output>
        </test-method> <!-- tearDown -->
        <test-method is-config="true" signature="setup()[pri:0, instance:tests.LoginTest@132e0cc]" started-at="2025-07-22T22:49:05 IST" name="setup" finished-at="2025-07-22T22:49:07 IST" duration-ms="1719" status="PASS">
          <reporter-output>
          </reporter-output>
        </test-method> <!-- setup -->
        <test-method signature="testLoginWithLockedCredentials()[pri:2, instance:tests.LoginTest@132e0cc]" started-at="2025-07-22T22:49:07 IST" name="testLoginWithLockedCredentials" description="Test to verify login with locked credentials." finished-at="2025-07-22T22:49:07 IST" duration-ms="10" status="SKIP">
          <exception class="org.testng.SkipException">
            <message>
              <![CDATA[This test is Intentionally skipped for ITestListener test.]]>
            </message>
            <full-stacktrace>
              <![CDATA[org.testng.SkipException: This test is Intentionally skipped for ITestListener test.
at tests.LoginTest.testLoginWithLockedCredentials(LoginTest.java:26)
at java.base/jdk.internal.reflect.DirectMethodHandleAccessor.invoke(DirectMethodHandleAccessor.java:103)
at java.base/java.lang.reflect.Method.invoke(Method.java:580)
at org.testng.internal.invokers.MethodInvocationHelper.invokeMethod(MethodInvocationHelper.java:141)
at org.testng.internal.invokers.TestInvoker.invokeMethod(TestInvoker.java:687)
at org.testng.internal.invokers.TestInvoker.invokeTestMethod(TestInvoker.java:230)
at org.testng.internal.invokers.MethodRunner.runInSequence(MethodRunner.java:63)
at org.testng.internal.invokers.TestInvoker$MethodInvocationAgent.invoke(TestInvoker.java:995)
at org.testng.internal.invokers.TestInvoker.invokeTestMethods(TestInvoker.java:203)
at org.testng.internal.invokers.TestMethodWorker.invokeTestMethods(TestMethodWorker.java:154)
at org.testng.internal.invokers.TestMethodWorker.run(TestMethodWorker.java:134)
at java.base/java.util.ArrayList.forEach(ArrayList.java:1596)
at org.testng.TestRunner.privateRun(TestRunner.java:741)
at org.testng.TestRunner.run(TestRunner.java:616)
at org.testng.SuiteRunner.runTest(SuiteRunner.java:421)
at org.testng.SuiteRunner.runSequentially(SuiteRunner.java:413)
at org.testng.SuiteRunner.privateRun(SuiteRunner.java:373)
at org.testng.SuiteRunner.run(SuiteRunner.java:312)
at org.testng.SuiteRunnerWorker.runSuite(SuiteRunnerWorker.java:52)
at org.testng.SuiteRunnerWorker.run(SuiteRunnerWorker.java:95)
at org.testng.TestNG.runSuitesSequentially(TestNG.java:1274)
at org.testng.TestNG.runSuitesLocally(TestNG.java:1208)
at org.testng.TestNG.runSuites(TestNG.java:1112)
at org.testng.TestNG.run(TestNG.java:1079)
at org.testng.remote.AbstractRemoteTestNG.run(AbstractRemoteTestNG.java:115)
at org.testng.remote.RemoteTestNG.initAndRun(RemoteTestNG.java:293)
at org.testng.remote.RemoteTestNG.main(RemoteTestNG.java:91)
]]>
            </full-stacktrace>
          </exception> <!-- org.testng.SkipException -->
          <reporter-output>
          </reporter-output>
        </test-method> <!-- testLoginWithLockedCredentials -->
        <test-method is-config="true" signature="tearDown()[pri:0, instance:tests.LoginTest@132e0cc]" started-at="2025-07-22T22:49:07 IST" name="tearDown" finished-at="2025-07-22T22:49:07 IST" duration-ms="245" status="PASS">
          <reporter-output>
          </reporter-output>
        </test-method> <!-- tearDown -->
        <test-method is-config="true" signature="setup()[pri:0, instance:tests.LoginTest@132e0cc]" started-at="2025-07-22T22:49:07 IST" name="setup" finished-at="2025-07-22T22:49:09 IST" duration-ms="1706" status="PASS">
          <reporter-output>
          </reporter-output>
        </test-method> <!-- setup -->
        <test-method signature="testLoginWithInvalidCredentials()[pri:3, instance:tests.LoginTest@132e0cc]" started-at="2025-07-22T22:49:09 IST" name="testLoginWithInvalidCredentials" description="Test to verify login with invalid credentials." finished-at="2025-07-22T22:49:09 IST" duration-ms="521" status="FAIL">
          <exception class="java.lang.AssertionError">
            <message>
              <![CDATA[Error message on the Login Page is incorrect. expected [Username Required] but found [Epic sadface: Username is required]]]>
            </message>
            <full-stacktrace>
              <![CDATA[java.lang.AssertionError: Error message on the Login Page is incorrect. expected [Username Required] but found [Epic sadface: Username is required]
at org.testng.Assert.fail(Assert.java:111)
at org.testng.Assert.failNotEquals(Assert.java:1590)
at org.testng.Assert.assertEqualsImpl(Assert.java:150)
at org.testng.Assert.assertEquals(Assert.java:132)
at org.testng.Assert.assertEquals(Assert.java:656)
at tests.LoginTest.testLoginWithInvalidCredentials(LoginTest.java:34)
at java.base/jdk.internal.reflect.DirectMethodHandleAccessor.invoke(DirectMethodHandleAccessor.java:103)
at java.base/java.lang.reflect.Method.invoke(Method.java:580)
at org.testng.internal.invokers.MethodInvocationHelper.invokeMethod(MethodInvocationHelper.java:141)
at org.testng.internal.invokers.TestInvoker.invokeMethod(TestInvoker.java:687)
at org.testng.internal.invokers.TestInvoker.invokeTestMethod(TestInvoker.java:230)
at org.testng.internal.invokers.MethodRunner.runInSequence(MethodRunner.java:63)
at org.testng.internal.invokers.TestInvoker$MethodInvocationAgent.invoke(TestInvoker.java:995)
at org.testng.internal.invokers.TestInvoker.invokeTestMethods(TestInvoker.java:203)
at org.testng.internal.invokers.TestMethodWorker.invokeTestMethods(TestMethodWorker.java:154)
at org.testng.internal.invokers.TestMethodWorker.run(TestMethodWorker.java:134)
at java.base/java.util.ArrayList.forEach(ArrayList.java:1596)
at org.testng.TestRunner.privateRun(TestRunner.java:741)
at org.testng.TestRunner.run(TestRunner.java:616)
at org.testng.SuiteRunner.runTest(SuiteRunner.java:421)
at org.testng.SuiteRunner.runSequentially(SuiteRunner.java:413)
at org.testng.SuiteRunner.privateRun(SuiteRunner.java:373)
at org.testng.SuiteRunner.run(SuiteRunner.java:312)
at org.testng.SuiteRunnerWorker.runSuite(SuiteRunnerWorker.java:52)
at org.testng.SuiteRunnerWorker.run(SuiteRunnerWorker.java:95)
at org.testng.TestNG.runSuitesSequentially(TestNG.java:1274)
at org.testng.TestNG.runSuitesLocally(TestNG.java:1208)
at org.testng.TestNG.runSuites(TestNG.java:1112)
at org.testng.TestNG.run(TestNG.java:1079)
at org.testng.remote.AbstractRemoteTestNG.run(AbstractRemoteTestNG.java:115)
at org.testng.remote.RemoteTestNG.initAndRun(RemoteTestNG.java:293)
at org.testng.remote.RemoteTestNG.main(RemoteTestNG.java:91)
]]>
            </full-stacktrace>
          </exception> <!-- java.lang.AssertionError -->
          <reporter-output>
          </reporter-output>
        </test-method> <!-- testLoginWithInvalidCredentials -->
        <test-method is-config="true" signature="tearDown()[pri:0, instance:tests.LoginTest@132e0cc]" started-at="2025-07-22T22:49:09 IST" name="tearDown" finished-at="2025-07-22T22:49:10 IST" duration-ms="310" status="PASS">
          <reporter-output>
          </reporter-output>
        </test-method> <!-- tearDown -->
      </class> <!-- tests.LoginTest -->
      <class name="tests.LogoutTest">
        <test-method is-config="true" signature="setup()[pri:0, instance:tests.LogoutTest@7b420819]" started-at="2025-07-22T22:49:10 IST" name="setup" finished-at="2025-07-22T22:49:12 IST" duration-ms="1858" status="PASS">
          <reporter-output>
          </reporter-output>
        </test-method> <!-- setup -->
        <test-method signature="testLogout()[pri:1, instance:tests.LogoutTest@7b420819]" started-at="2025-07-22T22:49:12 IST" name="testLogout" description="Test to verify logout functionality." finished-at="2025-07-22T22:49:13 IST" duration-ms="1294" status="PASS">
          <reporter-output>
          </reporter-output>
        </test-method> <!-- testLogout -->
        <test-method is-config="true" signature="tearDown()[pri:0, instance:tests.LogoutTest@7b420819]" started-at="2025-07-22T22:49:13 IST" name="tearDown" finished-at="2025-07-22T22:49:13 IST" duration-ms="220" status="PASS">
          <reporter-output>
          </reporter-output>
        </test-method> <!-- tearDown -->
      </class> <!-- tests.LogoutTest -->
    </test> <!-- Functional Test -->
  </suite> <!-- Automation Suite (ExtentReports for Reporting with ITestListeners) -->
</testng-results>
