<?xml version="1.0" encoding="UTF-8"?>
<!-- Generated by org.testng.reporters.JUnitXMLReporter -->
<testsuite ignored="0" hostname="DESKTOP-11UCV8M" failures="1" tests="4" name="Functional Test" time="12.376" errors="0" timestamp="2025-07-22T22:55:30 IST">
  <testcase classname="tests.LoginTest" name="testLoginWithValidCredentials" time="0.615"/>
  <testcase classname="tests.LoginTest" name="testLoginWithLockedCredentials" time="0.005">
    <skipped/>
  </testcase> <!-- testLoginWithLockedCredentials -->
  <testcase classname="tests.LoginTest" name="testLoginWithInvalidCredentials" time="0.638">
    <failure type="java.lang.AssertionError" message="Error message on the Login Page is incorrect. expected [Username Required] but found [Epic sadface: Username is required]">
      <![CDATA[java.lang.AssertionError: Error message on the Login Page is incorrect. expected [Username Required] but found [Epic sadface: Username is required]
at tests.LoginTest.testLoginWithInvalidCredentials(LoginTest.java:34)
at java.base/java.util.ArrayList.forEach(ArrayList.java:1596)
... Removed 30 stack frames]]>
    </failure>
  </testcase> <!-- testLoginWithInvalidCredentials -->
  <testcase classname="tests.LogoutTest" name="testLogout" time="1.439"/>
</testsuite> <!-- Functional Test -->
