<?xml version="1.0" encoding="UTF-8"?>
<!-- Generated by org.testng.reporters.JUnitXMLReporter -->
<testsuite ignored="0" hostname="DESKTOP-11UCV8M" failures="1" tests="4" name="Regression Test" time="12.387" errors="0" timestamp="2025-07-20T15:00:28 IST">
  <testcase classname="tests.LoginTest" name="testLoginWithValidCredentials" time="0.694"/>
  <testcase classname="tests.LoginTest" name="testLoginWithLockedCredentials" time="0.004">
    <skipped/>
  </testcase> <!-- testLoginWithLockedCredentials -->
  <testcase classname="tests.LoginTest" name="testLoginWithInvalidCredentials" time="0.506">
    <failure type="java.lang.AssertionError" message="Error message on the Login Page is incorrect. expected [Username Required] but found [Epic sadface: Username is required]">
      <![CDATA[java.lang.AssertionError: Error message on the Login Page is incorrect. expected [Username Required] but found [Epic sadface: Username is required]
at tests.LoginTest.testLoginWithInvalidCredentials(LoginTest.java:33)
at java.base/java.util.ArrayList.forEach(ArrayList.java:1596)
... Removed 30 stack frames]]>
    </failure>
  </testcase> <!-- testLoginWithInvalidCredentials -->
  <testcase classname="tests.LogoutTest" name="testLogout" time="1.417"/>
</testsuite> <!-- Regression Test -->
